[debug] [2023-05-27T20:16:41.544Z] ----------------------------------------------------------------------
[debug] [2023-05-27T20:16:41.557Z] Command:       /data/data/com.termux/files/usr/bin/node /data/data/com.termux/files/usr/bin/firebase init
[debug] [2023-05-27T20:16:41.561Z] CLI Version:   11.20.0
[debug] [2023-05-27T20:16:41.563Z] Platform:      android
[debug] [2023-05-27T20:16:41.564Z] Node Version:  v19.9.0
[debug] [2023-05-27T20:16:41.565Z] Time:          Sun May 28 2023 01:46:41 GMT+0530 (India Standard Time)
[debug] [2023-05-27T20:16:41.566Z] ----------------------------------------------------------------------
[debug] 
[debug] [2023-05-27T20:16:41.616Z] > command requires scopes: ["email","openid","https://www.googleapis.com/auth/cloudplatformprojects.readonly","https://www.googleapis.com/auth/firebase","https://www.googleapis.com/auth/cloud-platform"]
[debug] [2023-05-27T20:16:41.620Z] > authorizing via signed-in user (sukhdevr898@gmail.com)
[info] 
     ######## #### ########  ######## ########     ###     ######  ########
     ##        ##  ##     ## ##       ##     ##  ##   ##  ##       ##
     ######    ##  ########  ######   ########  #########  ######  ######
     ##        ##  ##    ##  ##       ##     ## ##     ##       ## ##
     ##       #### ##     ## ######## ########  ##     ##  ######  ########

You're about to initialize a Firebase project in this directory:

  /storage/emulated/0/htdocs/WhatsApp-Clone-React

Before we get started, keep in mind:

  * You are currently outside your home directory

[info] 
=== Project Setup
[info] 
[info] First, let's associate this project directory with a Firebase project.
[info] You can create multiple project aliases by running firebase use --add, 
[info] but for now we'll just set up a default project.
[info] 
[debug] [2023-05-27T20:16:54.160Z] Using project from CLI flag: whatsapp-431f1
[debug] [2023-05-27T20:16:54.176Z] > refreshing access token with scopes: []
[debug] [2023-05-27T20:16:54.197Z] >>> [apiv2][query] POST https://www.googleapis.com/oauth2/v3/token [none]
[debug] [2023-05-27T20:16:54.198Z] >>> [apiv2][body] POST https://www.googleapis.com/oauth2/v3/token [omitted]
[debug] [2023-05-27T20:16:55.103Z] <<< [apiv2][status] POST https://www.googleapis.com/oauth2/v3/token 400
[debug] [2023-05-27T20:16:55.105Z] <<< [apiv2][body] POST https://www.googleapis.com/oauth2/v3/token [omitted]
[debug] [2023-05-27T20:16:55.110Z] >>> [apiv2][query] GET https://firebase.googleapis.com/v1beta1/projects/whatsapp-431f1 [none]
[debug] [2023-05-27T20:16:55.992Z] <<< [apiv2][status] GET https://firebase.googleapis.com/v1beta1/projects/whatsapp-431f1 401
[debug] [2023-05-27T20:16:55.995Z] <<< [apiv2][body] GET https://firebase.googleapis.com/v1beta1/projects/whatsapp-431f1 {"error":{"code":401,"message":"Request had invalid authentication credentials. Expected OAuth 2 access token, login cookie or other valid authentication credential. See https://developers.google.com/identity/sign-in/web/devconsole-project.","status":"UNAUTHENTICATED"}}
[debug] [2023-05-27T20:16:56.008Z] HTTP Error: 401, Request had invalid authentication credentials. Expected OAuth 2 access token, login cookie or other valid authentication credential. See https://developers.google.com/identity/sign-in/web/devconsole-project.
[debug] [2023-05-27T20:16:56.552Z] FirebaseError: HTTP Error: 401, Request had invalid authentication credentials. Expected OAuth 2 access token, login cookie or other valid authentication credential. See https://developers.google.com/identity/sign-in/web/devconsole-project.
    at responseToError (/data/data/com.termux/files/usr/lib/node_modules/firebase-tools/lib/responseToError.js:49:12)
    at RetryOperation._fn (/data/data/com.termux/files/usr/lib/node_modules/firebase-tools/lib/apiv2.js:288:77)
    at process.processTicksAndRejections (node:internal/process/task_queues:95:5)
[error] 
[error] Error: Failed to get Firebase project whatsapp-431f1. Please make sure the project exists and your account has permission to access it.
